  [1m[35m (0.1ms)[0m  [1m[34mSELECT sqlite_version(*)[0m
  ↳ bin/rails:9
  [1m[35m (1.6ms)[0m  [1m[35mCREATE TABLE "schema_migrations" ("version" varchar NOT NULL PRIMARY KEY)[0m
  ↳ bin/rails:9
  [1m[35m (1.3ms)[0m  [1m[35mCREATE TABLE "ar_internal_metadata" ("key" varchar NOT NULL PRIMARY KEY, "value" varchar, "created_at" datetime NOT NULL, "updated_at" datetime NOT NULL)[0m
  ↳ bin/rails:9
  [1m[35m (0.1ms)[0m  [1m[34mSELECT "schema_migrations"."version" FROM "schema_migrations" ORDER BY "schema_migrations"."version" ASC[0m
  ↳ bin/rails:9
Migrating to CreateTrainers (20210225175336)
  [1m[35m (0.1ms)[0m  [1m[36mbegin transaction[0m
  ↳ bin/rails:9
  [1m[35m (0.8ms)[0m  [1m[35mCREATE TABLE "trainers" ("id" integer PRIMARY KEY AUTOINCREMENT NOT NULL, "name" varchar, "created_at" datetime NOT NULL, "updated_at" datetime NOT NULL)[0m
  ↳ db/migrate/20210225175336_create_trainers.rb:3
  [1m[36mActiveRecord::SchemaMigration Create (0.2ms)[0m  [1m[32mINSERT INTO "schema_migrations" ("version") VALUES (?)[0m  [["version", "20210225175336"]]
  ↳ bin/rails:9
  [1m[35m (0.9ms)[0m  [1m[36mcommit transaction[0m
  ↳ bin/rails:9
Migrating to CreatePokemons (20210225175350)
  [1m[35m (0.0ms)[0m  [1m[36mbegin transaction[0m
  ↳ bin/rails:9
  [1m[35m (0.4ms)[0m  [1m[35mCREATE TABLE "pokemons" ("id" integer PRIMARY KEY AUTOINCREMENT NOT NULL, "species" varchar, "nickname" varchar, "trainer_id" integer, "created_at" datetime NOT NULL, "updated_at" datetime NOT NULL, CONSTRAINT "fk_rails_cb73098d36"
FOREIGN KEY ("trainer_id")
  REFERENCES "trainers" ("id")
)[0m
  ↳ db/migrate/20210225175350_create_pokemons.rb:3
  [1m[35m (0.1ms)[0m  [1m[35mCREATE  INDEX "index_pokemons_on_trainer_id" ON "pokemons" ("trainer_id")[0m
  ↳ db/migrate/20210225175350_create_pokemons.rb:3
  [1m[36mActiveRecord::SchemaMigration Create (0.1ms)[0m  [1m[32mINSERT INTO "schema_migrations" ("version") VALUES (?)[0m  [["version", "20210225175350"]]
  ↳ bin/rails:9
  [1m[35m (0.7ms)[0m  [1m[36mcommit transaction[0m
  ↳ bin/rails:9
  [1m[36mActiveRecord::InternalMetadata Load (0.2ms)[0m  [1m[34mSELECT  "ar_internal_metadata".* FROM "ar_internal_metadata" WHERE "ar_internal_metadata"."key" = ? LIMIT ?[0m  [["key", "environment"], ["LIMIT", 1]]
  ↳ bin/rails:9
  [1m[35m (1.8ms)[0m  [1m[36mbegin transaction[0m
  ↳ bin/rails:9
  [1m[36mActiveRecord::InternalMetadata Create (0.4ms)[0m  [1m[32mINSERT INTO "ar_internal_metadata" ("key", "value", "created_at", "updated_at") VALUES (?, ?, ?, ?)[0m  [["key", "environment"], ["value", "development"], ["created_at", "2021-02-25 17:53:59.151990"], ["updated_at", "2021-02-25 17:53:59.151990"]]
  ↳ bin/rails:9
  [1m[35m (0.7ms)[0m  [1m[36mcommit transaction[0m
  ↳ bin/rails:9
  [1m[35m (0.2ms)[0m  [1m[34mSELECT "schema_migrations"."version" FROM "schema_migrations" ORDER BY "schema_migrations"."version" ASC[0m
  ↳ bin/rails:9
  [1m[36mPokemon Load (0.4ms)[0m  [1m[34mSELECT  "pokemons".* FROM "pokemons" LIMIT ?[0m  [["LIMIT", 11]]
  [1m[36mTrainer Load (0.2ms)[0m  [1m[34mSELECT  "trainers".* FROM "trainers" LIMIT ?[0m  [["LIMIT", 11]]
Started GET "/" for ::1 at 2021-02-25 13:06:38 -0500
  [1m[35m (0.1ms)[0m  [1m[34mSELECT "schema_migrations"."version" FROM "schema_migrations" ORDER BY "schema_migrations"."version" ASC[0m
  ↳ /Users/heather/.rvm/gems/ruby-2.6.1/gems/activerecord-5.2.4.5/lib/active_record/log_subscriber.rb:98
Processing by Rails::WelcomeController#index as HTML
  Rendering /Users/heather/.rvm/gems/ruby-2.6.1/gems/railties-5.2.4.5/lib/rails/templates/rails/welcome/index.html.erb
  Rendered /Users/heather/.rvm/gems/ruby-2.6.1/gems/railties-5.2.4.5/lib/rails/templates/rails/welcome/index.html.erb (5.8ms)
Completed 200 OK in 16ms (Views: 13.9ms | ActiveRecord: 0.0ms)


  [1m[36mTrainer Load (0.4ms)[0m  [1m[34mSELECT  "trainers".* FROM "trainers" LIMIT ?[0m  [["LIMIT", 11]]
  [1m[36mPokemon Load (0.2ms)[0m  [1m[34mSELECT  "pokemons".* FROM "pokemons" LIMIT ?[0m  [["LIMIT", 11]]
  [1m[35m (0.3ms)[0m  [1m[34mSELECT "schema_migrations"."version" FROM "schema_migrations" ORDER BY "schema_migrations"."version" ASC[0m
  ↳ bin/rails:9
  [1m[36mTrainer Destroy (0.1ms)[0m  [1m[31mDELETE FROM "trainers"[0m
  ↳ db/seeds.rb:4
  [1m[36mPokemon Destroy (0.2ms)[0m  [1m[31mDELETE FROM "pokemons"[0m
  ↳ db/seeds.rb:5
  [1m[35m (0.0ms)[0m  [1m[36mbegin transaction[0m
  ↳ db/seeds.rb:22
  [1m[36mTrainer Create (0.5ms)[0m  [1m[32mINSERT INTO "trainers" ("name", "created_at", "updated_at") VALUES (?, ?, ?)[0m  [["name", "Natalie"], ["created_at", "2021-02-25 18:08:31.823922"], ["updated_at", "2021-02-25 18:08:31.823922"]]
  ↳ db/seeds.rb:22
  [1m[35m (0.9ms)[0m  [1m[36mcommit transaction[0m
  ↳ db/seeds.rb:22
  [1m[35m (0.0ms)[0m  [1m[36mbegin transaction[0m
  ↳ db/seeds.rb:22
  [1m[36mTrainer Create (0.4ms)[0m  [1m[32mINSERT INTO "trainers" ("name", "created_at", "updated_at") VALUES (?, ?, ?)[0m  [["name", "Prince"], ["created_at", "2021-02-25 18:08:31.828252"], ["updated_at", "2021-02-25 18:08:31.828252"]]
  ↳ db/seeds.rb:22
  [1m[35m (0.8ms)[0m  [1m[36mcommit transaction[0m
  ↳ db/seeds.rb:22
  [1m[35m (0.0ms)[0m  [1m[36mbegin transaction[0m
  ↳ db/seeds.rb:22
  [1m[36mTrainer Create (0.3ms)[0m  [1m[32mINSERT INTO "trainers" ("name", "created_at", "updated_at") VALUES (?, ?, ?)[0m  [["name", "Dick"], ["created_at", "2021-02-25 18:08:31.831927"], ["updated_at", "2021-02-25 18:08:31.831927"]]
  ↳ db/seeds.rb:22
  [1m[35m (0.8ms)[0m  [1m[36mcommit transaction[0m
  ↳ db/seeds.rb:22
  [1m[35m (0.0ms)[0m  [1m[36mbegin transaction[0m
  ↳ db/seeds.rb:22
  [1m[36mTrainer Create (0.3ms)[0m  [1m[32mINSERT INTO "trainers" ("name", "created_at", "updated_at") VALUES (?, ?, ?)[0m  [["name", "Rachel"], ["created_at", "2021-02-25 18:08:31.836112"], ["updated_at", "2021-02-25 18:08:31.836112"]]
  ↳ db/seeds.rb:22
  [1m[35m (0.7ms)[0m  [1m[36mcommit transaction[0m
  ↳ db/seeds.rb:22
  [1m[35m (0.0ms)[0m  [1m[36mbegin transaction[0m
  ↳ db/seeds.rb:22
  [1m[36mTrainer Create (0.3ms)[0m  [1m[32mINSERT INTO "trainers" ("name", "created_at", "updated_at") VALUES (?, ?, ?)[0m  [["name", "Garry"], ["created_at", "2021-02-25 18:08:31.839414"], ["updated_at", "2021-02-25 18:08:31.839414"]]
  ↳ db/seeds.rb:22
  [1m[35m (0.8ms)[0m  [1m[36mcommit transaction[0m
  ↳ db/seeds.rb:22
  [1m[35m (0.1ms)[0m  [1m[36mbegin transaction[0m
  ↳ db/seeds.rb:22
  [1m[36mTrainer Create (0.4ms)[0m  [1m[32mINSERT INTO "trainers" ("name", "created_at", "updated_at") VALUES (?, ?, ?)[0m  [["name", "Jason"], ["created_at", "2021-02-25 18:08:31.845930"], ["updated_at", "2021-02-25 18:08:31.845930"]]
  ↳ db/seeds.rb:22
  [1m[35m (0.9ms)[0m  [1m[36mcommit transaction[0m
  ↳ db/seeds.rb:22
  [1m[35m (0.0ms)[0m  [1m[36mbegin transaction[0m
  ↳ db/seeds.rb:22
  [1m[36mTrainer Create (0.4ms)[0m  [1m[32mINSERT INTO "trainers" ("name", "created_at", "updated_at") VALUES (?, ?, ?)[0m  [["name", "Matt"], ["created_at", "2021-02-25 18:08:31.864367"], ["updated_at", "2021-02-25 18:08:31.864367"]]
  ↳ db/seeds.rb:22
  [1m[35m (0.8ms)[0m  [1m[36mcommit transaction[0m
  ↳ db/seeds.rb:22
  [1m[35m (0.0ms)[0m  [1m[36mbegin transaction[0m
  ↳ db/seeds.rb:22
  [1m[36mTrainer Create (0.3ms)[0m  [1m[32mINSERT INTO "trainers" ("name", "created_at", "updated_at") VALUES (?, ?, ?)[0m  [["name", "Niky"], ["created_at", "2021-02-25 18:08:31.868451"], ["updated_at", "2021-02-25 18:08:31.868451"]]
  ↳ db/seeds.rb:22
  [1m[35m (2.2ms)[0m  [1m[36mcommit transaction[0m
  ↳ db/seeds.rb:22
  [1m[35m (0.0ms)[0m  [1m[36mbegin transaction[0m
  ↳ db/seeds.rb:22
  [1m[36mTrainer Create (0.4ms)[0m  [1m[32mINSERT INTO "trainers" ("name", "created_at", "updated_at") VALUES (?, ?, ?)[0m  [["name", "Ashley"], ["created_at", "2021-02-25 18:08:31.872264"], ["updated_at", "2021-02-25 18:08:31.872264"]]
  ↳ db/seeds.rb:22
  [1m[35m (0.7ms)[0m  [1m[36mcommit transaction[0m
  ↳ db/seeds.rb:22
  [1m[35m (0.0ms)[0m  [1m[36mbegin transaction[0m
  ↳ db/seeds.rb:31
  [1m[36mTrainer Load (0.2ms)[0m  [1m[34mSELECT  "trainers".* FROM "trainers" WHERE "trainers"."id" = ? LIMIT ?[0m  [["id", 1], ["LIMIT", 1]]
  ↳ db/seeds.rb:31
  [1m[36mPokemon Create (0.9ms)[0m  [1m[32mINSERT INTO "pokemons" ("species", "nickname", "trainer_id", "created_at", "updated_at") VALUES (?, ?, ?, ?, ?)[0m  [["species", "Kangaskhan"], ["nickname", "Claudette"], ["trainer_id", 1], ["created_at", "2021-02-25 18:08:33.120232"], ["updated_at", "2021-02-25 18:08:33.120232"]]
  ↳ db/seeds.rb:31
  [1m[35m (0.7ms)[0m  [1m[36mcommit transaction[0m
  ↳ db/seeds.rb:31
  [1m[35m (0.0ms)[0m  [1m[36mbegin transaction[0m
  ↳ db/seeds.rb:31
  [1m[36mTrainer Load (0.1ms)[0m  [1m[34mSELECT  "trainers".* FROM "trainers" WHERE "trainers"."id" = ? LIMIT ?[0m  [["id", 1], ["LIMIT", 1]]
  ↳ db/seeds.rb:31
  [1m[36mPokemon Create (0.2ms)[0m  [1m[32mINSERT INTO "pokemons" ("species", "nickname", "trainer_id", "created_at", "updated_at") VALUES (?, ?, ?, ?, ?)[0m  [["species", "Graveler"], ["nickname", "Joel"], ["trainer_id", 1], ["created_at", "2021-02-25 18:08:33.123992"], ["updated_at", "2021-02-25 18:08:33.123992"]]
  ↳ db/seeds.rb:31
  [1m[35m (0.7ms)[0m  [1m[36mcommit transaction[0m
  ↳ db/seeds.rb:31
  [1m[35m (0.0ms)[0m  [1m[36mbegin transaction[0m
  ↳ db/seeds.rb:31
  [1m[36mTrainer Load (0.1ms)[0m  [1m[34mSELECT  "trainers".* FROM "trainers" WHERE "trainers"."id" = ? LIMIT ?[0m  [["id", 1], ["LIMIT", 1]]
  ↳ db/seeds.rb:31
  [1m[36mPokemon Create (0.2ms)[0m  [1m[32mINSERT INTO "pokemons" ("species", "nickname", "trainer_id", "created_at", "updated_at") VALUES (?, ?, ?, ?, ?)[0m  [["species", "Nidoran"], ["nickname", "Todd"], ["trainer_id", 1], ["created_at", "2021-02-25 18:08:33.126500"], ["updated_at", "2021-02-25 18:08:33.126500"]]
  ↳ db/seeds.rb:31
  [1m[35m (0.7ms)[0m  [1m[36mcommit transaction[0m
  ↳ db/seeds.rb:31
  [1m[35m (0.0ms)[0m  [1m[36mbegin transaction[0m
  ↳ db/seeds.rb:31
  [1m[36mTrainer Load (0.1ms)[0m  [1m[34mSELECT  "trainers".* FROM "trainers" WHERE "trainers"."id" = ? LIMIT ?[0m  [["id", 1], ["LIMIT", 1]]
  ↳ db/seeds.rb:31
  [1m[36mPokemon Create (0.2ms)[0m  [1m[32mINSERT INTO "pokemons" ("species", "nickname", "trainer_id", "created_at", "updated_at") VALUES (?, ?, ?, ?, ?)[0m  [["species", "Ditto"], ["nickname", "Leeanne"], ["trainer_id", 1], ["created_at", "2021-02-25 18:08:33.129070"], ["updated_at", "2021-02-25 18:08:33.129070"]]
  ↳ db/seeds.rb:31
  [1m[35m (0.7ms)[0m  [1m[36mcommit transaction[0m
  ↳ db/seeds.rb:31
  [1m[35m (0.0ms)[0m  [1m[36mbegin transaction[0m
  ↳ db/seeds.rb:31
  [1m[36mTrainer Load (0.1ms)[0m  [1m[34mSELECT  "trainers".* FROM "trainers" WHERE "trainers"."id" = ? LIMIT ?[0m  [["id", 1], ["LIMIT", 1]]
  ↳ db/seeds.rb:31
  [1m[36mPokemon Create (0.2ms)[0m  [1m[32mINSERT INTO "pokemons" ("species", "nickname", "trainer_id", "created_at", "updated_at") VALUES (?, ?, ?, ?, ?)[0m  [["species", "Gastly"], ["nickname", "Delfina"], ["trainer_id", 1], ["created_at", "2021-02-25 18:08:33.131493"], ["updated_at", "2021-02-25 18:08:33.131493"]]
  ↳ db/seeds.rb:31
  [1m[35m (0.6ms)[0m  [1m[36mcommit transaction[0m
  ↳ db/seeds.rb:31
  [1m[35m (0.0ms)[0m  [1m[36mbegin transaction[0m
  ↳ db/seeds.rb:31
  [1m[36mTrainer Load (0.1ms)[0m  [1m[34mSELECT  "trainers".* FROM "trainers" WHERE "trainers"."id" = ? LIMIT ?[0m  [["id", 2], ["LIMIT", 1]]
  ↳ db/seeds.rb:31
  [1m[36mPokemon Create (0.3ms)[0m  [1m[32mINSERT INTO "pokemons" ("species", "nickname", "trainer_id", "created_at", "updated_at") VALUES (?, ?, ?, ?, ?)[0m  [["species", "Graveler"], ["nickname", "Raphael"], ["trainer_id", 2], ["created_at", "2021-02-25 18:08:33.135212"], ["updated_at", "2021-02-25 18:08:33.135212"]]
  ↳ db/seeds.rb:31
  [1m[35m (0.6ms)[0m  [1m[36mcommit transaction[0m
  ↳ db/seeds.rb:31
  [1m[35m (0.0ms)[0m  [1m[36mbegin transaction[0m
  ↳ db/seeds.rb:31
  [1m[36mTrainer Load (0.1ms)[0m  [1m[34mSELECT  "trainers".* FROM "trainers" WHERE "trainers"."id" = ? LIMIT ?[0m  [["id", 3], ["LIMIT", 1]]
  ↳ db/seeds.rb:31
  [1m[36mPokemon Create (0.2ms)[0m  [1m[32mINSERT INTO "pokemons" ("species", "nickname", "trainer_id", "created_at", "updated_at") VALUES (?, ?, ?, ?, ?)[0m  [["species", "Scyther"], ["nickname", "Titus"], ["trainer_id", 3], ["created_at", "2021-02-25 18:08:33.138457"], ["updated_at", "2021-02-25 18:08:33.138457"]]
  ↳ db/seeds.rb:31
  [1m[35m (0.8ms)[0m  [1m[36mcommit transaction[0m
  ↳ db/seeds.rb:31
  [1m[35m (0.0ms)[0m  [1m[36mbegin transaction[0m
  ↳ db/seeds.rb:31
  [1m[36mTrainer Load (0.1ms)[0m  [1m[34mSELECT  "trainers".* FROM "trainers" WHERE "trainers"."id" = ? LIMIT ?[0m  [["id", 3], ["LIMIT", 1]]
  ↳ db/seeds.rb:31
  [1m[36mPokemon Create (0.2ms)[0m  [1m[32mINSERT INTO "pokemons" ("species", "nickname", "trainer_id", "created_at", "updated_at") VALUES (?, ?, ?, ?, ?)[0m  [["species", "Hitmonlee"], ["nickname", "Gretchen"], ["trainer_id", 3], ["created_at", "2021-02-25 18:08:33.141788"], ["updated_at", "2021-02-25 18:08:33.141788"]]
  ↳ db/seeds.rb:31
  [1m[35m (0.7ms)[0m  [1m[36mcommit transaction[0m
  ↳ db/seeds.rb:31
  [1m[35m (0.0ms)[0m  [1m[36mbegin transaction[0m
  ↳ db/seeds.rb:31
  [1m[36mTrainer Load (0.1ms)[0m  [1m[34mSELECT  "trainers".* FROM "trainers" WHERE "trainers"."id" = ? LIMIT ?[0m  [["id", 3], ["LIMIT", 1]]
  ↳ db/seeds.rb:31
  [1m[36mPokemon Create (0.2ms)[0m  [1m[32mINSERT INTO "pokemons" ("species", "nickname", "trainer_id", "created_at", "updated_at") VALUES (?, ?, ?, ?, ?)[0m  [["species", "Krabby"], ["nickname", "Christoper"], ["trainer_id", 3], ["created_at", "2021-02-25 18:08:33.145330"], ["updated_at", "2021-02-25 18:08:33.145330"]]
  ↳ db/seeds.rb:31
  [1m[35m (0.4ms)[0m  [1m[36mcommit transaction[0m
  ↳ db/seeds.rb:31
  [1m[35m (0.0ms)[0m  [1m[36mbegin transaction[0m
  ↳ db/seeds.rb:31
  [1m[36mTrainer Load (0.1ms)[0m  [1m[34mSELECT  "trainers".* FROM "trainers" WHERE "trainers"."id" = ? LIMIT ?[0m  [["id", 3], ["LIMIT", 1]]
  ↳ db/seeds.rb:31
  [1m[36mPokemon Create (0.2ms)[0m  [1m[32mINSERT INTO "pokemons" ("species", "nickname", "trainer_id", "created_at", "updated_at") VALUES (?, ?, ?, ?, ?)[0m  [["species", "Fearow"], ["nickname", "Nella"], ["trainer_id", 3], ["created_at", "2021-02-25 18:08:33.148129"], ["updated_at", "2021-02-25 18:08:33.148129"]]
  ↳ db/seeds.rb:31
  [1m[35m (0.4ms)[0m  [1m[36mcommit transaction[0m
  ↳ db/seeds.rb:31
  [1m[35m (0.0ms)[0m  [1m[36mbegin transaction[0m
  ↳ db/seeds.rb:31
  [1m[36mTrainer Load (0.1ms)[0m  [1m[34mSELECT  "trainers".* FROM "trainers" WHERE "trainers"."id" = ? LIMIT ?[0m  [["id", 4], ["LIMIT", 1]]
  ↳ db/seeds.rb:31
  [1m[36mPokemon Create (0.2ms)[0m  [1m[32mINSERT INTO "pokemons" ("species", "nickname", "trainer_id", "created_at", "updated_at") VALUES (?, ?, ?, ?, ?)[0m  [["species", "Hitmonchan"], ["nickname", "Randy"], ["trainer_id", 4], ["created_at", "2021-02-25 18:08:33.150713"], ["updated_at", "2021-02-25 18:08:33.150713"]]
  ↳ db/seeds.rb:31
  [1m[35m (0.4ms)[0m  [1m[36mcommit transaction[0m
  ↳ db/seeds.rb:31
  [1m[35m (0.0ms)[0m  [1m[36mbegin transaction[0m
  ↳ db/seeds.rb:31
  [1m[36mTrainer Load (0.1ms)[0m  [1m[34mSELECT  "trainers".* FROM "trainers" WHERE "trainers"."id" = ? LIMIT ?[0m  [["id", 4], ["LIMIT", 1]]
  ↳ db/seeds.rb:31
  [1m[36mPokemon Create (0.2ms)[0m  [1m[32mINSERT INTO "pokemons" ("species", "nickname", "trainer_id", "created_at", "updated_at") VALUES (?, ?, ?, ?, ?)[0m  [["species", "Raticate"], ["nickname", "Lexie"], ["trainer_id", 4], ["created_at", "2021-02-25 18:08:33.153086"], ["updated_at", "2021-02-25 18:08:33.153086"]]
  ↳ db/seeds.rb:31
  [1m[35m (0.6ms)[0m  [1m[36mcommit transaction[0m
  ↳ db/seeds.rb:31
  [1m[35m (0.0ms)[0m  [1m[36mbegin transaction[0m
  ↳ db/seeds.rb:31
  [1m[36mTrainer Load (0.1ms)[0m  [1m[34mSELECT  "trainers".* FROM "trainers" WHERE "trainers"."id" = ? LIMIT ?[0m  [["id", 5], ["LIMIT", 1]]
  ↳ db/seeds.rb:31
  [1m[36mPokemon Create (0.2ms)[0m  [1m[32mINSERT INTO "pokemons" ("species", "nickname", "trainer_id", "created_at", "updated_at") VALUES (?, ?, ?, ?, ?)[0m  [["species", "Paras"], ["nickname", "Gregg"], ["trainer_id", 5], ["created_at", "2021-02-25 18:08:33.156129"], ["updated_at", "2021-02-25 18:08:33.156129"]]
  ↳ db/seeds.rb:31
  [1m[35m (0.6ms)[0m  [1m[36mcommit transaction[0m
  ↳ db/seeds.rb:31
  [1m[35m (0.0ms)[0m  [1m[36mbegin transaction[0m
  ↳ db/seeds.rb:31
  [1m[36mTrainer Load (0.1ms)[0m  [1m[34mSELECT  "trainers".* FROM "trainers" WHERE "trainers"."id" = ? LIMIT ?[0m  [["id", 6], ["LIMIT", 1]]
  ↳ db/seeds.rb:31
  [1m[36mPokemon Create (0.2ms)[0m  [1m[32mINSERT INTO "pokemons" ("species", "nickname", "trainer_id", "created_at", "updated_at") VALUES (?, ?, ?, ?, ?)[0m  [["species", "Fearow"], ["nickname", "Augusta"], ["trainer_id", 6], ["created_at", "2021-02-25 18:08:33.159321"], ["updated_at", "2021-02-25 18:08:33.159321"]]
  ↳ db/seeds.rb:31
  [1m[35m (0.6ms)[0m  [1m[36mcommit transaction[0m
  ↳ db/seeds.rb:31
  [1m[35m (0.0ms)[0m  [1m[36mbegin transaction[0m
  ↳ db/seeds.rb:31
  [1m[36mTrainer Load (0.1ms)[0m  [1m[34mSELECT  "trainers".* FROM "trainers" WHERE "trainers"."id" = ? LIMIT ?[0m  [["id", 6], ["LIMIT", 1]]
  ↳ db/seeds.rb:31
  [1m[36mPokemon Create (0.2ms)[0m  [1m[32mINSERT INTO "pokemons" ("species", "nickname", "trainer_id", "created_at", "updated_at") VALUES (?, ?, ?, ?, ?)[0m  [["species", "Gloom"], ["nickname", "Jeffie"], ["trainer_id", 6], ["created_at", "2021-02-25 18:08:33.161998"], ["updated_at", "2021-02-25 18:08:33.161998"]]
  ↳ db/seeds.rb:31
  [1m[35m (0.5ms)[0m  [1m[36mcommit transaction[0m
  ↳ db/seeds.rb:31
  [1m[35m (0.0ms)[0m  [1m[36mbegin transaction[0m
  ↳ db/seeds.rb:31
  [1m[36mTrainer Load (0.1ms)[0m  [1m[34mSELECT  "trainers".* FROM "trainers" WHERE "trainers"."id" = ? LIMIT ?[0m  [["id", 6], ["LIMIT", 1]]
  ↳ db/seeds.rb:31
  [1m[36mPokemon Create (0.2ms)[0m  [1m[32mINSERT INTO "pokemons" ("species", "nickname", "trainer_id", "created_at", "updated_at") VALUES (?, ?, ?, ?, ?)[0m  [["species", "Psyduck"], ["nickname", "Alberto"], ["trainer_id", 6], ["created_at", "2021-02-25 18:08:33.164543"], ["updated_at", "2021-02-25 18:08:33.164543"]]
  ↳ db/seeds.rb:31
  [1m[35m (0.5ms)[0m  [1m[36mcommit transaction[0m
  ↳ db/seeds.rb:31
  [1m[35m (0.0ms)[0m  [1m[36mbegin transaction[0m
  ↳ db/seeds.rb:31
  [1m[36mTrainer Load (0.1ms)[0m  [1m[34mSELECT  "trainers".* FROM "trainers" WHERE "trainers"."id" = ? LIMIT ?[0m  [["id", 6], ["LIMIT", 1]]
  ↳ db/seeds.rb:31
  [1m[36mPokemon Create (0.2ms)[0m  [1m[32mINSERT INTO "pokemons" ("species", "nickname", "trainer_id", "created_at", "updated_at") VALUES (?, ?, ?, ?, ?)[0m  [["species", "Slowbro"], ["nickname", "Emil"], ["trainer_id", 6], ["created_at", "2021-02-25 18:08:33.166872"], ["updated_at", "2021-02-25 18:08:33.166872"]]
  ↳ db/seeds.rb:31
  [1m[35m (0.6ms)[0m  [1m[36mcommit transaction[0m
  ↳ db/seeds.rb:31
  [1m[35m (0.0ms)[0m  [1m[36mbegin transaction[0m
  ↳ db/seeds.rb:31
  [1m[36mTrainer Load (0.1ms)[0m  [1m[34mSELECT  "trainers".* FROM "trainers" WHERE "trainers"."id" = ? LIMIT ?[0m  [["id", 7], ["LIMIT", 1]]
  ↳ db/seeds.rb:31
  [1m[36mPokemon Create (0.2ms)[0m  [1m[32mINSERT INTO "pokemons" ("species", "nickname", "trainer_id", "created_at", "updated_at") VALUES (?, ?, ?, ?, ?)[0m  [["species", "Pikachu"], ["nickname", "Ruby"], ["trainer_id", 7], ["created_at", "2021-02-25 18:08:33.169144"], ["updated_at", "2021-02-25 18:08:33.169144"]]
  ↳ db/seeds.rb:31
  [1m[35m (0.7ms)[0m  [1m[36mcommit transaction[0m
  ↳ db/seeds.rb:31
  [1m[35m (0.0ms)[0m  [1m[36mbegin transaction[0m
  ↳ db/seeds.rb:31
  [1m[36mTrainer Load (0.1ms)[0m  [1m[34mSELECT  "trainers".* FROM "trainers" WHERE "trainers"."id" = ? LIMIT ?[0m  [["id", 7], ["LIMIT", 1]]
  ↳ db/seeds.rb:31
  [1m[36mPokemon Create (0.4ms)[0m  [1m[32mINSERT INTO "pokemons" ("species", "nickname", "trainer_id", "created_at", "updated_at") VALUES (?, ?, ?, ?, ?)[0m  [["species", "Muk"], ["nickname", "Donny"], ["trainer_id", 7], ["created_at", "2021-02-25 18:08:33.172394"], ["updated_at", "2021-02-25 18:08:33.172394"]]
  ↳ db/seeds.rb:31
  [1m[35m (0.6ms)[0m  [1m[36mcommit transaction[0m
  ↳ db/seeds.rb:31
  [1m[35m (0.0ms)[0m  [1m[36mbegin transaction[0m
  ↳ db/seeds.rb:31
  [1m[36mTrainer Load (0.1ms)[0m  [1m[34mSELECT  "trainers".* FROM "trainers" WHERE "trainers"."id" = ? LIMIT ?[0m  [["id", 7], ["LIMIT", 1]]
  ↳ db/seeds.rb:31
  [1m[36mPokemon Create (0.3ms)[0m  [1m[32mINSERT INTO "pokemons" ("species", "nickname", "trainer_id", "created_at", "updated_at") VALUES (?, ?, ?, ?, ?)[0m  [["species", "Nidoran"], ["nickname", "Raul"], ["trainer_id", 7], ["created_at", "2021-02-25 18:08:33.175769"], ["updated_at", "2021-02-25 18:08:33.175769"]]
  ↳ db/seeds.rb:31
  [1m[35m (0.6ms)[0m  [1m[36mcommit transaction[0m
  ↳ db/seeds.rb:31
  [1m[35m (0.0ms)[0m  [1m[36mbegin transaction[0m
  ↳ db/seeds.rb:31
  [1m[36mTrainer Load (0.1ms)[0m  [1m[34mSELECT  "trainers".* FROM "trainers" WHERE "trainers"."id" = ? LIMIT ?[0m  [["id", 8], ["LIMIT", 1]]
  ↳ db/seeds.rb:31
  [1m[36mPokemon Create (0.3ms)[0m  [1m[32mINSERT INTO "pokemons" ("species", "nickname", "trainer_id", "created_at", "updated_at") VALUES (?, ?, ?, ?, ?)[0m  [["species", "Ninetales"], ["nickname", "Del"], ["trainer_id", 8], ["created_at", "2021-02-25 18:08:33.178749"], ["updated_at", "2021-02-25 18:08:33.178749"]]
  ↳ db/seeds.rb:31
  [1m[35m (0.6ms)[0m  [1m[36mcommit transaction[0m
  ↳ db/seeds.rb:31
  [1m[35m (0.0ms)[0m  [1m[36mbegin transaction[0m
  ↳ db/seeds.rb:31
  [1m[36mTrainer Load (0.1ms)[0m  [1m[34mSELECT  "trainers".* FROM "trainers" WHERE "trainers"."id" = ? LIMIT ?[0m  [["id", 9], ["LIMIT", 1]]
  ↳ db/seeds.rb:31
  [1m[36mPokemon Create (0.2ms)[0m  [1m[32mINSERT INTO "pokemons" ("species", "nickname", "trainer_id", "created_at", "updated_at") VALUES (?, ?, ?, ?, ?)[0m  [["species", "Dugtrio"], ["nickname", "Jorge"], ["trainer_id", 9], ["created_at", "2021-02-25 18:08:33.181317"], ["updated_at", "2021-02-25 18:08:33.181317"]]
  ↳ db/seeds.rb:31
  [1m[35m (0.8ms)[0m  [1m[36mcommit transaction[0m
  ↳ db/seeds.rb:31
  [1m[35m (0.0ms)[0m  [1m[36mbegin transaction[0m
  ↳ db/seeds.rb:31
  [1m[36mTrainer Load (0.1ms)[0m  [1m[34mSELECT  "trainers".* FROM "trainers" WHERE "trainers"."id" = ? LIMIT ?[0m  [["id", 9], ["LIMIT", 1]]
  ↳ db/seeds.rb:31
  [1m[36mPokemon Create (0.2ms)[0m  [1m[32mINSERT INTO "pokemons" ("species", "nickname", "trainer_id", "created_at", "updated_at") VALUES (?, ?, ?, ?, ?)[0m  [["species", "Magnemite"], ["nickname", "Jamila"], ["trainer_id", 9], ["created_at", "2021-02-25 18:08:33.184064"], ["updated_at", "2021-02-25 18:08:33.184064"]]
  ↳ db/seeds.rb:31
  [1m[35m (0.6ms)[0m  [1m[36mcommit transaction[0m
  ↳ db/seeds.rb:31
  [1m[35m (0.0ms)[0m  [1m[36mbegin transaction[0m
  ↳ db/seeds.rb:31
  [1m[36mTrainer Load (0.1ms)[0m  [1m[34mSELECT  "trainers".* FROM "trainers" WHERE "trainers"."id" = ? LIMIT ?[0m  [["id", 9], ["LIMIT", 1]]
  ↳ db/seeds.rb:31
  [1m[36mPokemon Create (0.2ms)[0m  [1m[32mINSERT INTO "pokemons" ("species", "nickname", "trainer_id", "created_at", "updated_at") VALUES (?, ?, ?, ?, ?)[0m  [["species", "Persian"], ["nickname", "Joette"], ["trainer_id", 9], ["created_at", "2021-02-25 18:08:33.186428"], ["updated_at", "2021-02-25 18:08:33.186428"]]
  ↳ db/seeds.rb:31
  [1m[35m (0.6ms)[0m  [1m[36mcommit transaction[0m
  ↳ db/seeds.rb:31
  [1m[35m (0.0ms)[0m  [1m[36mbegin transaction[0m
  ↳ db/seeds.rb:31
  [1m[36mTrainer Load (0.1ms)[0m  [1m[34mSELECT  "trainers".* FROM "trainers" WHERE "trainers"."id" = ? LIMIT ?[0m  [["id", 9], ["LIMIT", 1]]
  ↳ db/seeds.rb:31
  [1m[36mPokemon Create (0.2ms)[0m  [1m[32mINSERT INTO "pokemons" ("species", "nickname", "trainer_id", "created_at", "updated_at") VALUES (?, ?, ?, ?, ?)[0m  [["species", "Jigglypuff"], ["nickname", "Lelia"], ["trainer_id", 9], ["created_at", "2021-02-25 18:08:33.188842"], ["updated_at", "2021-02-25 18:08:33.188842"]]
  ↳ db/seeds.rb:31
  [1m[35m (0.6ms)[0m  [1m[36mcommit transaction[0m
  ↳ db/seeds.rb:31
  [1m[36mTrainer Load (0.7ms)[0m  [1m[34mSELECT  "trainers".* FROM "trainers" LIMIT ?[0m  [["LIMIT", 11]]
